{
  "0 debug pnpm:scope": {
    "selected": 1
  },
  "1 info pnpm": {
    "err": {
      "name": "Error",
      "message": "not found: istall",
      "code": "ENOENT",
      "stack": "Error: not found: istall\n    at getNotFoundError (/snapshot/dist/pnpm.cjs)\n    at Function.whichSync [as sync] (/snapshot/dist/pnpm.cjs)\n    at getCommandAbsolutePathSync (/snapshot/dist/pnpm.cjs)\n    at default_1 (/snapshot/dist/pnpm.cjs)\n    at /snapshot/dist/pnpm.cjs"
    }
  },
  "2 error pnpm": {
    "code": "ERR_PNPM_RECURSIVE_EXEC_FIRST_FAIL",
    "prefix": "/Users/s01818/Documents/projects/VueJS-Practice/udemy/cmp-communication-08-a-potential-problem-starting-setup",
    "err": {
      "name": "pnpm",
      "message": "not found: istall",
      "code": "ERR_PNPM_RECURSIVE_EXEC_FIRST_FAIL",
      "stack": "Error: not found: istall\n    at getNotFoundError (/snapshot/dist/pnpm.cjs)\n    at Function.whichSync [as sync] (/snapshot/dist/pnpm.cjs)\n    at getCommandAbsolutePathSync (/snapshot/dist/pnpm.cjs)\n    at default_1 (/snapshot/dist/pnpm.cjs)\n    at /snapshot/dist/pnpm.cjs"
    }
  }
}